<?xml version="1.0" encoding="UTF-8"?>
<!-- Generated by org.testng.reporters.JUnitReportReporter -->
<testsuite skipped="0" hostname="DESKTOP-227J9H4" name="com.testpackage.TC001verifylogin_function" tests="1" failures="0" timestamp="2023-01-18T22:54:20 IST" time="46.877" errors="0">
  <testcase name="loginfunctionalityverify" time="46.877" classname="com.testpackage.TC001verifylogin_function"/>
  <system-out/>
</testsuite> <!-- com.testpackage.TC001verifylogin_function -->
