<?xml version="1.0" encoding="UTF-8"?>
<!-- Generated by org.testng.reporters.JUnitReportReporter -->
<testsuite skipped="0" hostname="DESKTOP-227J9H4" name="com.testpackage.TC003addtocart" tests="1" failures="0" timestamp="2023-01-18T22:54:20 IST" time="10.413" errors="0">
  <testcase name="addtocart" time="10.413" classname="com.testpackage.TC003addtocart"/>
  <system-out/>
</testsuite> <!-- com.testpackage.TC003addtocart -->
